<?xml version="1.0" encoding="UTF-8"?>
<testsuite name="coaching.repository.StaffRepositoryTest" tests="1" skipped="0" failures="1" errors="0" timestamp="2021-02-01T07:02:15" hostname="14KJLH2" time="0.01">
  <properties/>
  <testcase name="whenSave_MultipleStaffs_ThenSave" classname="coaching.repository.StaffRepositoryTest" time="0.01">
    <failure message="java.lang.NullPointerException" type="java.lang.NullPointerException">java.lang.NullPointerException
	at coaching.repository.StaffRepositoryTest.whenSave_MultipleStaffs_ThenSave(StaffRepositoryTest.java:27)
	at sun.reflect.NativeMethodAccessorImpl.invoke0(Native Method)
	at sun.reflect.NativeMethodAccessorImpl.invoke(NativeMethodAccessorImpl.java:62)
	at sun.reflect.DelegatingMethodAccessorImpl.invoke(DelegatingMethodAccessorImpl.java:43)
	at java.lang.reflect.Method.invoke(Method.java:497)
	at org.junit.runners.model.FrameworkMethod$1.runReflectiveCall(FrameworkMethod.java:59)
	at org.junit.internal.runners.model.ReflectiveCallable.run(ReflectiveCallable.java:12)
	at org.junit.runners.model.FrameworkMethod.invokeExplosively(FrameworkMethod.java:56)
	at org.junit.internal.runners.statements.InvokeMethod.evaluate(InvokeMethod.java:17)
	at org.junit.internal.runners.statements.RunBefores.evaluate(RunBefores.java:26)
	at org.junit.runners.ParentRunner$3.evaluate(ParentRunner.java:306)
	at org.junit.runners.BlockJUnit4ClassRunner$1.evaluate(BlockJUnit4ClassRunner.java:100)
	at org.junit.runners.ParentRunner.runLeaf(ParentRunner.java:366)
	at org.junit.runners.BlockJUnit4ClassRunner.runChild(BlockJUnit4ClassRunner.java:103)
	at org.junit.runners.BlockJUnit4ClassRunner.runChild(BlockJUnit4ClassRunner.java:63)
	at org.junit.runners.ParentRunner$4.run(ParentRunner.java:331)
	at org.junit.runners.ParentRunner$1.schedule(ParentRunner.java:79)
	at org.junit.runners.ParentRunner.runChildren(ParentRunner.java:329)
	at org.junit.runners.ParentRunner.access$100(ParentRunner.java:66)
	at org.junit.runners.ParentRunner$2.evaluate(ParentRunner.java:293)
	at org.junit.internal.runners.statements.RunBefores.evaluate(RunBefores.java:26)
	at org.junit.runners.ParentRunner$3.evaluate(ParentRunner.java:306)
	at org.junit.runners.ParentRunner.run(ParentRunner.java:413)
	at org.gradle.api.internal.tasks.testing.junit.JUnitTestClassExecutor.runTestClass(JUnitTestClassExecutor.java:110)
	at org.gradle.api.internal.tasks.testing.junit.JUnitTestClassExecutor.execute(JUnitTestClassExecutor.java:58)
	at org.gradle.api.internal.tasks.testing.junit.JUnitTestClassExecutor.execute(JUnitTestClassExecutor.java:38)
	at org.gradle.api.internal.tasks.testing.junit.AbstractJUnitTestClassProcessor.processTestClass(AbstractJUnitTestClassProcessor.java:62)
	at org.gradle.api.internal.tasks.testing.SuiteTestClassProcessor.processTestClass(SuiteTestClassProcessor.java:51)
	at sun.reflect.NativeMethodAccessorImpl.invoke0(Native Method)
	at sun.reflect.NativeMethodAccessorImpl.invoke(NativeMethodAccessorImpl.java:62)
	at sun.reflect.DelegatingMethodAccessorImpl.invoke(DelegatingMethodAccessorImpl.java:43)
	at java.lang.reflect.Method.invoke(Method.java:497)
	at org.gradle.internal.dispatch.ReflectionDispatch.dispatch(ReflectionDispatch.java:36)
	at org.gradle.internal.dispatch.ReflectionDispatch.dispatch(ReflectionDispatch.java:24)
	at org.gradle.internal.dispatch.ContextClassLoaderDispatch.dispatch(ContextClassLoaderDispatch.java:33)
	at org.gradle.internal.dispatch.ProxyDispatchAdapter$DispatchingInvocationHandler.invoke(ProxyDispatchAdapter.java:94)
	at com.sun.proxy.$Proxy2.processTestClass(Unknown Source)
	at org.gradle.api.internal.tasks.testing.worker.TestWorker.processTestClass(TestWorker.java:118)
	at sun.reflect.NativeMethodAccessorImpl.invoke0(Native Method)
	at sun.reflect.NativeMethodAccessorImpl.invoke(NativeMethodAccessorImpl.java:62)
	at sun.reflect.DelegatingMethodAccessorImpl.invoke(DelegatingMethodAccessorImpl.java:43)
	at java.lang.reflect.Method.invoke(Method.java:497)
	at org.gradle.internal.dispatch.ReflectionDispatch.dispatch(ReflectionDispatch.java:36)
	at org.gradle.internal.dispatch.ReflectionDispatch.dispatch(ReflectionDispatch.java:24)
	at org.gradle.internal.remote.internal.hub.MessageHubBackedObjectConnection$DispatchWrapper.dispatch(MessageHubBackedObjectConnection.java:182)
	at org.gradle.internal.remote.internal.hub.MessageHubBackedObjectConnection$DispatchWrapper.dispatch(MessageHubBackedObjectConnection.java:164)
	at org.gradle.internal.remote.internal.hub.MessageHub$Handler.run(MessageHub.java:412)
	at org.gradle.internal.concurrent.ExecutorPolicy$CatchAndRecordFailures.onExecute(ExecutorPolicy.java:64)
	at org.gradle.internal.concurrent.ManagedExecutorImpl$1.run(ManagedExecutorImpl.java:48)
	at java.util.concurrent.ThreadPoolExecutor.runWorker(ThreadPoolExecutor.java:1142)
	at java.util.concurrent.ThreadPoolExecutor$Worker.run(ThreadPoolExecutor.java:617)
	at org.gradle.internal.concurrent.ThreadFactoryImpl$ManagedThreadRunnable.run(ThreadFactoryImpl.java:56)
	at java.lang.Thread.run(Thread.java:745)
</failure>
  </testcase>
  <system-out><![CDATA[14:02:15.491 [Test worker] DEBUG com.zaxxer.hikari.HikariConfig - Driver class org.h2.Driver found in Thread context class loader sun.misc.Launcher$AppClassLoader@4e0e2f2a
14:02:15.502 [Test worker] DEBUG com.zaxxer.hikari.HikariConfig - HikariPool-1 - configuration:
14:02:15.508 [Test worker] DEBUG com.zaxxer.hikari.HikariConfig - allowPoolSuspension.............false
14:02:15.508 [Test worker] DEBUG com.zaxxer.hikari.HikariConfig - autoCommit......................true
14:02:15.508 [Test worker] DEBUG com.zaxxer.hikari.HikariConfig - catalog.........................none
14:02:15.509 [Test worker] DEBUG com.zaxxer.hikari.HikariConfig - connectionInitSql...............none
14:02:15.509 [Test worker] DEBUG com.zaxxer.hikari.HikariConfig - connectionTestQuery.............none
14:02:15.509 [Test worker] DEBUG com.zaxxer.hikari.HikariConfig - connectionTimeout...............30000
14:02:15.509 [Test worker] DEBUG com.zaxxer.hikari.HikariConfig - dataSource......................none
14:02:15.509 [Test worker] DEBUG com.zaxxer.hikari.HikariConfig - dataSourceClassName.............none
14:02:15.509 [Test worker] DEBUG com.zaxxer.hikari.HikariConfig - dataSourceJNDI..................none
14:02:15.511 [Test worker] DEBUG com.zaxxer.hikari.HikariConfig - dataSourceProperties............{password=<masked>}
14:02:15.511 [Test worker] DEBUG com.zaxxer.hikari.HikariConfig - driverClassName................."org.h2.Driver"
14:02:15.511 [Test worker] DEBUG com.zaxxer.hikari.HikariConfig - exceptionOverrideClassName......none
14:02:15.511 [Test worker] DEBUG com.zaxxer.hikari.HikariConfig - healthCheckProperties...........{}
14:02:15.511 [Test worker] DEBUG com.zaxxer.hikari.HikariConfig - healthCheckRegistry.............none
14:02:15.511 [Test worker] DEBUG com.zaxxer.hikari.HikariConfig - idleTimeout.....................600000
14:02:15.512 [Test worker] DEBUG com.zaxxer.hikari.HikariConfig - initializationFailTimeout.......1
14:02:15.512 [Test worker] DEBUG com.zaxxer.hikari.HikariConfig - isolateInternalQueries..........false
14:02:15.512 [Test worker] DEBUG com.zaxxer.hikari.HikariConfig - jdbcUrl.........................jdbc:h2:mem:ac9d93fe-08c4-49f7-8026-ecd75f66cb42
14:02:15.512 [Test worker] DEBUG com.zaxxer.hikari.HikariConfig - leakDetectionThreshold..........0
14:02:15.513 [Test worker] DEBUG com.zaxxer.hikari.HikariConfig - maxLifetime.....................1800000
14:02:15.513 [Test worker] DEBUG com.zaxxer.hikari.HikariConfig - maximumPoolSize.................10
14:02:15.513 [Test worker] DEBUG com.zaxxer.hikari.HikariConfig - metricRegistry..................none
14:02:15.513 [Test worker] DEBUG com.zaxxer.hikari.HikariConfig - metricsTrackerFactory...........none
14:02:15.513 [Test worker] DEBUG com.zaxxer.hikari.HikariConfig - minimumIdle.....................10
14:02:15.514 [Test worker] DEBUG com.zaxxer.hikari.HikariConfig - password........................<masked>
14:02:15.514 [Test worker] DEBUG com.zaxxer.hikari.HikariConfig - poolName........................"HikariPool-1"
14:02:15.514 [Test worker] DEBUG com.zaxxer.hikari.HikariConfig - readOnly........................false
14:02:15.514 [Test worker] DEBUG com.zaxxer.hikari.HikariConfig - registerMbeans..................false
14:02:15.515 [Test worker] DEBUG com.zaxxer.hikari.HikariConfig - scheduledExecutor...............none
14:02:15.515 [Test worker] DEBUG com.zaxxer.hikari.HikariConfig - schema..........................none
14:02:15.515 [Test worker] DEBUG com.zaxxer.hikari.HikariConfig - threadFactory...................internal
14:02:15.515 [Test worker] DEBUG com.zaxxer.hikari.HikariConfig - transactionIsolation............default
14:02:15.515 [Test worker] DEBUG com.zaxxer.hikari.HikariConfig - username........................none
14:02:15.515 [Test worker] DEBUG com.zaxxer.hikari.HikariConfig - validationTimeout...............5000
14:02:15.517 [Test worker] INFO com.zaxxer.hikari.HikariDataSource - HikariPool-1 - Starting...
14:02:15.735 [Test worker] DEBUG com.zaxxer.hikari.pool.HikariPool - HikariPool-1 - Added connection conn0: url=jdbc:h2:mem:ac9d93fe-08c4-49f7-8026-ecd75f66cb42 user=
14:02:15.737 [Test worker] INFO com.zaxxer.hikari.HikariDataSource - HikariPool-1 - Start completed.
]]></system-out>
  <system-err><![CDATA[]]></system-err>
</testsuite>
