<?xml version="1.0" encoding="UTF-8"?>
<testsuite name="collection.TelevisionShowCollectionImplTest" tests="1" skipped="0" failures="0" errors="0" timestamp="2021-01-05T08:54:35" hostname="14KJLH2" time="0.011">
  <properties/>
  <testcase name="televisionShowCollectionImplTest" classname="collection.TelevisionShowCollectionImplTest" time="0.011"/>
  <system-out><![CDATA[]]></system-out>
  <system-err><![CDATA[]]></system-err>
</testsuite>
