<?xml version="1.0" encoding="UTF-8"?>
<testsuite name="collection.TelevisionShowLinkedListTest" tests="11" skipped="0" failures="0" errors="0" timestamp="2021-01-26T06:47:41" hostname="14KJLH2" time="0.02">
  <properties/>
  <testcase name="removeAtInvalidIndex_shouldThrowIndexOutOfBoundsException" classname="collection.TelevisionShowLinkedListTest" time="0.008"/>
  <testcase name="theShowInTheList_remove_shouldDecreaseTheSize" classname="collection.TelevisionShowLinkedListTest" time="0.008"/>
  <testcase name="removeAtValidIndex_shouldShiftTheSubsequentElementsToTheLeft" classname="collection.TelevisionShowLinkedListTest" time="0.001"/>
  <testcase name="whenInitialized_sizeShouldBeZero" classname="collection.TelevisionShowLinkedListTest" time="0.0"/>
  <testcase name="theShowInTheList_indexOf_shouldReturnPositive" classname="collection.TelevisionShowLinkedListTest" time="0.0"/>
  <testcase name="theShowInTheList_contains_shouldReturnTrue" classname="collection.TelevisionShowLinkedListTest" time="0.001"/>
  <testcase name="addAtInvalidIndex_shouldThrowIndexOutOfBoundsException" classname="collection.TelevisionShowLinkedListTest" time="0.0"/>
  <testcase name="addSuccess_sizeShouldIncrease" classname="collection.TelevisionShowLinkedListTest" time="0.0"/>
  <testcase name="addAtValidIndex_shouldShiftTheCurrentAndSubsequentElementToTheRight" classname="collection.TelevisionShowLinkedListTest" time="0.0"/>
  <testcase name="getAtInvalidIndex_shouldThrowIndexOutOfBoundsException" classname="collection.TelevisionShowLinkedListTest" time="0.0"/>
  <testcase name="theShowInTheList_remove_shouldReturnTrue" classname="collection.TelevisionShowLinkedListTest" time="0.001"/>
  <system-out><![CDATA[]]></system-out>
  <system-err><![CDATA[]]></system-err>
</testsuite>
