<?xml version="1.0" encoding="UTF-8"?>
<testsuite name="coaching.validator.DefaultValidatorTest" tests="3" skipped="0" failures="0" errors="0" timestamp="2021-01-29T09:55:21" hostname="14KJLH2" time="0.034">
  <properties/>
  <testcase name="whenValidate_FieldHavingMultipleRules_ThenReturnViolation" classname="coaching.validator.DefaultValidatorTest" time="0.029"/>
  <testcase name="whenValidate_FieldHavingSingleRule_ThenReturnViolation" classname="coaching.validator.DefaultValidatorTest" time="0.005"/>
  <testcase name="whenValidate_NullValidatedObject_ThenReject" classname="coaching.validator.DefaultValidatorTest" time="0.0"/>
  <system-out><![CDATA[]]></system-out>
  <system-err><![CDATA[]]></system-err>
</testsuite>
